<?xml version="1.0" encoding="UTF-8"?><testrun name="TestRunner" project="codeChallenge" tests="2" started="2" failures="0" errors="2" ignored="1">
  <testsuite name="testRunner.TestRunner" time="0.0">
    <testsuite name="Feature: Microsoft flow page" time="0.0">
      <testsuite name="Scenario: Happy Path" time="0.0" incomplete="true">
        <skipped/>
        <testcase name="Given I open Chrome" classname="Scenario: Happy Path" time="0.0">
          <error>java.lang.IllegalStateException: The driver executable does not exist: C:\Users\luis.ramirez.vazquez\Documents\codeChallenge\codeChallenge\Drivers\chromedriver.exe&#13;
	at com.google.common.base.Preconditions.checkState(Preconditions.java:585)&#13;
	at org.openqa.selenium.remote.service.DriverService.checkExecutable(DriverService.java:146)&#13;
	at org.openqa.selenium.remote.service.DriverService.findExecutable(DriverService.java:141)&#13;
	at org.openqa.selenium.chrome.ChromeDriverService.access$000(ChromeDriverService.java:35)&#13;
	at org.openqa.selenium.chrome.ChromeDriverService$Builder.findDefaultExecutable(ChromeDriverService.java:159)&#13;
	at org.openqa.selenium.remote.service.DriverService$Builder.build(DriverService.java:355)&#13;
	at org.openqa.selenium.chrome.ChromeDriverService.createDefaultService(ChromeDriverService.java:94)&#13;
	at org.openqa.selenium.chrome.ChromeDriver.&lt;init&gt;(ChromeDriver.java:123)&#13;
	at stepDefinitions.Steps.i_launch(Steps.java:15)&#13;
	at âœ½.Given I open Chrome(./Features/MicrosoftFlow.feature:4)&#13;
&#13;
</error>
        </testcase>
        <testcase name="Given I launch &quot;https://www.microsoft.com/en-us/&quot;" classname="Scenario: Happy Path" time="0.0" ignored="true"/>
      </testsuite>
    </testsuite>
  </testsuite>
</testrun>
